C:\Program Files\Microsoft Visual Studio\2022\Community\MSBuild\Microsoft\VC\v170\Microsoft.CppBuild.targets(534,5): warning MSB8028: 中間ディレクトリ (obj\x64\Release\) に別のプロジェクト (Particles_MultiCam.vcxproj) と共有されているファイルが含まれています。これにより、クリーンしてリビルド動作が適切に行われない可能性があります。
  ClusterCube.cpp
  main.cpp
  ofApp.cpp
  Particles.cpp
  RotateSphere.cpp
C:\of_v0.11.0_vs2017_release\libs\openFrameworks\math\ofMatrix4x4.h(326,1): warning C4267: '引数': 'size_t' から 'int' に変換しました。データが失われているかもしれません。 (ソース ファイルをコンパイルしています src\Particles.cpp)
C:\of_v0.11.0_vs2017_release\libs\openFrameworks\math\ofMatrix4x4.h(326,1): warning C4267: '引数': 'size_t' から 'int' に変換しました。データが失われているかもしれません。 (ソース ファイルをコンパイルしています src\ofApp.cpp)
C:\of_v0.11.0_vs2017_release\libs\openFrameworks\math\ofMatrix4x4.h(331,1): warning C4267: '引数': 'size_t' から 'int' に変換しました。データが失われているかもしれません。 (ソース ファイルをコンパイルしています src\Particles.cpp)
C:\of_v0.11.0_vs2017_release\libs\openFrameworks\math\ofMatrix4x4.h(326,1): warning C4267: '引数': 'size_t' から 'int' に変換しました。データが失われているかもしれません。 (ソース ファイルをコンパイルしています src\ClusterCube.cpp)
C:\of_v0.11.0_vs2017_release\libs\openFrameworks\math\ofMatrix4x4.h(331,1): warning C4267: '引数': 'size_t' から 'int' に変換しました。データが失われているかもしれません。 (ソース ファイルをコンパイルしています src\ofApp.cpp)
C:\of_v0.11.0_vs2017_release\libs\openFrameworks\math\ofMatrix4x4.h(331,1): warning C4267: '引数': 'size_t' から 'int' に変換しました。データが失われているかもしれません。 (ソース ファイルをコンパイルしています src\ClusterCube.cpp)
C:\of_v0.11.0_vs2017_release\libs\openFrameworks\math\ofMatrix4x4.h(326,1): warning C4267: '引数': 'size_t' から 'int' に変換しました。データが失われているかもしれません。 (ソース ファイルをコンパイルしています src\RotateSphere.cpp)
C:\of_v0.11.0_vs2017_release\libs\openFrameworks\math\ofMatrix4x4.h(331,1): warning C4267: '引数': 'size_t' から 'int' に変換しました。データが失われているかもしれません。 (ソース ファイルをコンパイルしています src\RotateSphere.cpp)
C:\of_v0.11.0_vs2017_release\libs\openFrameworks\math\ofMatrix4x4.h(912,12): warning C4267: '引数': 'size_t' から 'int' に変換しました。データが失われているかもしれません。 (ソース ファイルをコンパイルしています src\Particles.cpp)
C:\of_v0.11.0_vs2017_release\libs\openFrameworks\math\ofMatrix4x4.h(913,12): warning C4267: '引数': 'size_t' から 'int' に変換しました。データが失われているかもしれません。 (ソース ファイルをコンパイルしています src\Particles.cpp)
C:\of_v0.11.0_vs2017_release\libs\openFrameworks\math\ofMatrix4x4.h(914,12): warning C4267: '引数': 'size_t' から 'int' に変換しました。データが失われているかもしれません。 (ソース ファイルをコンパイルしています src\Particles.cpp)
C:\of_v0.11.0_vs2017_release\libs\openFrameworks\math\ofMatrix4x4.h(912,12): warning C4267: '引数': 'size_t' から 'int' に変換しました。データが失われているかもしれません。 (ソース ファイルをコンパイルしています src\ofApp.cpp)
C:\of_v0.11.0_vs2017_release\libs\openFrameworks\math\ofMatrix4x4.h(915,12): warning C4267: '引数': 'size_t' から 'int' に変換しました。データが失われているかもしれません。 (ソース ファイルをコンパイルしています src\Particles.cpp)
C:\of_v0.11.0_vs2017_release\libs\openFrameworks\math\ofMatrix4x4.h(913,12): warning C4267: '引数': 'size_t' から 'int' に変換しました。データが失われているかもしれません。 (ソース ファイルをコンパイルしています src\ofApp.cpp)
C:\of_v0.11.0_vs2017_release\libs\openFrameworks\math\ofMatrix4x4.h(912,12): warning C4267: '引数': 'size_t' から 'int' に変換しました。データが失われているかもしれません。 (ソース ファイルをコンパイルしています src\ClusterCube.cpp)
C:\of_v0.11.0_vs2017_release\libs\openFrameworks\math\ofMatrix4x4.h(326,1): warning C4267: '引数': 'size_t' から 'int' に変換しました。データが失われているかもしれません。 (ソース ファイルをコンパイルしています src\main.cpp)
C:\of_v0.11.0_vs2017_release\libs\openFrameworks\math\ofMatrix4x4.h(912,12): warning C4267: '引数': 'size_t' から 'int' に変換しました。データが失われているかもしれません。 (ソース ファイルをコンパイルしています src\RotateSphere.cpp)
C:\of_v0.11.0_vs2017_release\libs\openFrameworks\math\ofMatrix4x4.h(914,12): warning C4267: '引数': 'size_t' から 'int' に変換しました。データが失われているかもしれません。 (ソース ファイルをコンパイルしています src\ofApp.cpp)
C:\of_v0.11.0_vs2017_release\libs\openFrameworks\math\ofMatrix4x4.h(913,12): warning C4267: '引数': 'size_t' から 'int' に変換しました。データが失われているかもしれません。 (ソース ファイルをコンパイルしています src\ClusterCube.cpp)
C:\of_v0.11.0_vs2017_release\libs\openFrameworks\math\ofMatrix4x4.h(331,1): warning C4267: '引数': 'size_t' から 'int' に変換しました。データが失われているかもしれません。 (ソース ファイルをコンパイルしています src\main.cpp)
C:\of_v0.11.0_vs2017_release\libs\openFrameworks\math\ofMatrix4x4.h(913,12): warning C4267: '引数': 'size_t' から 'int' に変換しました。データが失われているかもしれません。 (ソース ファイルをコンパイルしています src\RotateSphere.cpp)
C:\of_v0.11.0_vs2017_release\libs\openFrameworks\math\ofMatrix4x4.h(914,12): warning C4267: '引数': 'size_t' から 'int' に変換しました。データが失われているかもしれません。 (ソース ファイルをコンパイルしています src\ClusterCube.cpp)
C:\of_v0.11.0_vs2017_release\libs\openFrameworks\math\ofMatrix4x4.h(915,12): warning C4267: '引数': 'size_t' から 'int' に変換しました。データが失われているかもしれません。 (ソース ファイルをコンパイルしています src\ofApp.cpp)
C:\of_v0.11.0_vs2017_release\libs\openFrameworks\math\ofMatrix4x4.h(914,12): warning C4267: '引数': 'size_t' から 'int' に変換しました。データが失われているかもしれません。 (ソース ファイルをコンパイルしています src\RotateSphere.cpp)
C:\of_v0.11.0_vs2017_release\libs\openFrameworks\math\ofMatrix4x4.h(915,12): warning C4267: '引数': 'size_t' から 'int' に変換しました。データが失われているかもしれません。 (ソース ファイルをコンパイルしています src\ClusterCube.cpp)
C:\of_v0.11.0_vs2017_release\libs\openFrameworks\math\ofMatrix4x4.h(915,12): warning C4267: '引数': 'size_t' から 'int' に変換しました。データが失われているかもしれません。 (ソース ファイルをコンパイルしています src\RotateSphere.cpp)
C:\of_v0.11.0_vs2017_release\libs\openFrameworks\math\ofMatrix4x4.h(912,12): warning C4267: '引数': 'size_t' から 'int' に変換しました。データが失われているかもしれません。 (ソース ファイルをコンパイルしています src\main.cpp)
C:\of_v0.11.0_vs2017_release\libs\openFrameworks\math\ofMatrix4x4.h(913,12): warning C4267: '引数': 'size_t' から 'int' に変換しました。データが失われているかもしれません。 (ソース ファイルをコンパイルしています src\main.cpp)
C:\of_v0.11.0_vs2017_release\libs\openFrameworks\math\ofMatrix4x4.h(914,12): warning C4267: '引数': 'size_t' から 'int' に変換しました。データが失われているかもしれません。 (ソース ファイルをコンパイルしています src\main.cpp)
C:\of_v0.11.0_vs2017_release\libs\openFrameworks\math\ofMatrix4x4.h(915,12): warning C4267: '引数': 'size_t' から 'int' に変換しました。データが失われているかもしれません。 (ソース ファイルをコンパイルしています src\main.cpp)
C:\of_v0.11.0_vs2017_release\apps\myApps\MultiCam\src\Particles.cpp(35,17): warning C4996: 'ofFbo::getTextureReference': Use getTexture()
C:\of_v0.11.0_vs2017_release\apps\myApps\MultiCam\src\Particles.cpp(49,17): warning C4996: 'ofFbo::getTextureReference': Use getTexture()
C:\of_v0.11.0_vs2017_release\apps\myApps\MultiCam\src\Particles.cpp(64,63): warning C4996: 'ofFbo::getTextureReference': Use getTexture()
C:\of_v0.11.0_vs2017_release\apps\myApps\MultiCam\src\Particles.cpp(65,66): warning C4996: 'ofFbo::getTextureReference': Use getTexture()
C:\of_v0.11.0_vs2017_release\apps\myApps\MultiCam\src\RotateSphere.cpp(76,34): warning C4267: '引数': 'size_t' から 'ofIndexType' に変換しました。データが失われているかもしれません。
C:\of_v0.11.0_vs2017_release\apps\myApps\MultiCam\src\RotateSphere.cpp(76,66): warning C4267: '引数': 'size_t' から 'ofIndexType' に変換しました。データが失われているかもしれません。
C:\of_v0.11.0_vs2017_release\apps\myApps\MultiCam\src\RotateSphere.cpp(76,98): warning C4267: '引数': 'size_t' から 'ofIndexType' に変換しました。データが失われているかもしれません。
C:\of_v0.11.0_vs2017_release\apps\myApps\MultiCam\src\Particles.cpp(79,60): warning C4996: 'ofFbo::getTextureReference': Use getTexture()
C:\of_v0.11.0_vs2017_release\apps\myApps\MultiCam\src\RotateSphere.cpp(77,34): warning C4267: '引数': 'size_t' から 'ofIndexType' に変換しました。データが失われているかもしれません。
C:\of_v0.11.0_vs2017_release\apps\myApps\MultiCam\src\RotateSphere.cpp(77,66): warning C4267: '引数': 'size_t' から 'ofIndexType' に変換しました。データが失われているかもしれません。
C:\of_v0.11.0_vs2017_release\apps\myApps\MultiCam\src\RotateSphere.cpp(77,98): warning C4267: '引数': 'size_t' から 'ofIndexType' に変換しました。データが失われているかもしれません。
C:\of_v0.11.0_vs2017_release\apps\myApps\MultiCam\src\RotateSphere.cpp(79,34): warning C4267: '引数': 'size_t' から 'ofIndexType' に変換しました。データが失われているかもしれません。
C:\of_v0.11.0_vs2017_release\apps\myApps\MultiCam\src\RotateSphere.cpp(79,66): warning C4267: '引数': 'size_t' から 'ofIndexType' に変換しました。データが失われているかもしれません。
C:\of_v0.11.0_vs2017_release\apps\myApps\MultiCam\src\RotateSphere.cpp(79,98): warning C4267: '引数': 'size_t' から 'ofIndexType' に変換しました。データが失われているかもしれません。
C:\of_v0.11.0_vs2017_release\apps\myApps\MultiCam\src\RotateSphere.cpp(80,34): warning C4267: '引数': 'size_t' から 'ofIndexType' に変換しました。データが失われているかもしれません。
C:\of_v0.11.0_vs2017_release\apps\myApps\MultiCam\src\RotateSphere.cpp(80,66): warning C4267: '引数': 'size_t' から 'ofIndexType' に変換しました。データが失われているかもしれません。
C:\of_v0.11.0_vs2017_release\apps\myApps\MultiCam\src\RotateSphere.cpp(80,98): warning C4267: '引数': 'size_t' から 'ofIndexType' に変換しました。データが失われているかもしれません。
C:\of_v0.11.0_vs2017_release\apps\myApps\MultiCam\src\RotateSphere.cpp(82,34): warning C4267: '引数': 'size_t' から 'ofIndexType' に変換しました。データが失われているかもしれません。
C:\of_v0.11.0_vs2017_release\apps\myApps\MultiCam\src\RotateSphere.cpp(82,66): warning C4267: '引数': 'size_t' から 'ofIndexType' に変換しました。データが失われているかもしれません。
C:\of_v0.11.0_vs2017_release\apps\myApps\MultiCam\src\RotateSphere.cpp(82,98): warning C4267: '引数': 'size_t' から 'ofIndexType' に変換しました。データが失われているかもしれません。
C:\of_v0.11.0_vs2017_release\apps\myApps\MultiCam\src\RotateSphere.cpp(83,34): warning C4267: '引数': 'size_t' から 'ofIndexType' に変換しました。データが失われているかもしれません。
C:\of_v0.11.0_vs2017_release\apps\myApps\MultiCam\src\RotateSphere.cpp(83,66): warning C4267: '引数': 'size_t' から 'ofIndexType' に変換しました。データが失われているかもしれません。
C:\of_v0.11.0_vs2017_release\apps\myApps\MultiCam\src\RotateSphere.cpp(83,98): warning C4267: '引数': 'size_t' から 'ofIndexType' に変換しました。データが失われているかもしれません。
C:\of_v0.11.0_vs2017_release\apps\myApps\MultiCam\src\RotateSphere.cpp(85,34): warning C4267: '引数': 'size_t' から 'ofIndexType' に変換しました。データが失われているかもしれません。
C:\of_v0.11.0_vs2017_release\apps\myApps\MultiCam\src\RotateSphere.cpp(85,66): warning C4267: '引数': 'size_t' から 'ofIndexType' に変換しました。データが失われているかもしれません。
C:\of_v0.11.0_vs2017_release\apps\myApps\MultiCam\src\RotateSphere.cpp(85,98): warning C4267: '引数': 'size_t' から 'ofIndexType' に変換しました。データが失われているかもしれません。
C:\of_v0.11.0_vs2017_release\apps\myApps\MultiCam\src\RotateSphere.cpp(86,34): warning C4267: '引数': 'size_t' から 'ofIndexType' に変換しました。データが失われているかもしれません。
C:\of_v0.11.0_vs2017_release\apps\myApps\MultiCam\src\RotateSphere.cpp(86,66): warning C4267: '引数': 'size_t' から 'ofIndexType' に変換しました。データが失われているかもしれません。
C:\of_v0.11.0_vs2017_release\apps\myApps\MultiCam\src\RotateSphere.cpp(86,98): warning C4267: '引数': 'size_t' から 'ofIndexType' に変換しました。データが失われているかもしれません。
C:\of_v0.11.0_vs2017_release\apps\myApps\MultiCam\src\RotateSphere.cpp(88,35): warning C4267: '引数': 'size_t' から 'ofIndexType' に変換しました。データが失われているかもしれません。
C:\of_v0.11.0_vs2017_release\apps\myApps\MultiCam\src\RotateSphere.cpp(88,68): warning C4267: '引数': 'size_t' から 'ofIndexType' に変換しました。データが失われているかもしれません。
C:\of_v0.11.0_vs2017_release\apps\myApps\MultiCam\src\RotateSphere.cpp(89,35): warning C4267: '引数': 'size_t' から 'ofIndexType' に変換しました。データが失われているかもしれません。
C:\of_v0.11.0_vs2017_release\apps\myApps\MultiCam\src\RotateSphere.cpp(89,68): warning C4267: '引数': 'size_t' から 'ofIndexType' に変換しました。データが失われているかもしれません。
C:\of_v0.11.0_vs2017_release\apps\myApps\MultiCam\src\RotateSphere.cpp(91,35): warning C4267: '引数': 'size_t' から 'ofIndexType' に変換しました。データが失われているかもしれません。
C:\of_v0.11.0_vs2017_release\apps\myApps\MultiCam\src\RotateSphere.cpp(91,68): warning C4267: '引数': 'size_t' から 'ofIndexType' に変換しました。データが失われているかもしれません。
C:\of_v0.11.0_vs2017_release\apps\myApps\MultiCam\src\RotateSphere.cpp(92,35): warning C4267: '引数': 'size_t' から 'ofIndexType' に変換しました。データが失われているかもしれません。
C:\of_v0.11.0_vs2017_release\apps\myApps\MultiCam\src\RotateSphere.cpp(92,68): warning C4267: '引数': 'size_t' から 'ofIndexType' に変換しました。データが失われているかもしれません。
C:\of_v0.11.0_vs2017_release\apps\myApps\MultiCam\src\RotateSphere.cpp(114,2): warning C4996: 'ofRotateX': Use ofRotateXDeg or ofRotateXRad
C:\of_v0.11.0_vs2017_release\apps\myApps\MultiCam\src\ClusterCube.cpp(43,2): warning C4996: 'ofRotateY': Use ofRotateYDeg or ofRotateYRad
C:\of_v0.11.0_vs2017_release\apps\myApps\MultiCam\src\ClusterCube.cpp(53,3): warning C4996: 'ofRotateZ': Use ofRotateZDeg or ofRotateZRad
C:\of_v0.11.0_vs2017_release\apps\myApps\MultiCam\src\ClusterCube.cpp(54,3): warning C4996: 'ofRotateY': Use ofRotateYDeg or ofRotateYRad
C:\of_v0.11.0_vs2017_release\apps\myApps\MultiCam\src\ClusterCube.cpp(55,3): warning C4996: 'ofRotateX': Use ofRotateXDeg or ofRotateXRad
C:\of_v0.11.0_vs2017_release\addons\ofxDatGui\src\components\ofxDatGuiTextInputField.h(173,1): warning C4267: '引数': 'size_t' から 'int' に変換しました。データが失われているかもしれません。 (ソース ファイルをコンパイルしています src\ofApp.cpp)
C:\of_v0.11.0_vs2017_release\addons\ofxDatGui\src\components\ofxDatGuiTextInputField.h(173,1): warning C4267: '引数': 'size_t' から 'int' に変換しました。データが失われているかもしれません。 (ソース ファイルをコンパイルしています src\main.cpp)
C:\of_v0.11.0_vs2017_release\addons\ofxDatGui\src\components\ofxDatGuiSlider.h(334,1): warning C4267: '初期化中': 'size_t' から 'int' に変換しました。データが失われているかもしれません。 (ソース ファイルをコンパイルしています src\ofApp.cpp)
C:\of_v0.11.0_vs2017_release\addons\ofxDatGui\src\components\ofxDatGuiSlider.h(337,1): warning C4267: '=': 'size_t' から 'int' に変換しました。データが失われているかもしれません。 (ソース ファイルをコンパイルしています src\ofApp.cpp)
C:\of_v0.11.0_vs2017_release\addons\ofxDatGui\src\components\ofxDatGuiSlider.h(334,1): warning C4267: '初期化中': 'size_t' から 'int' に変換しました。データが失われているかもしれません。 (ソース ファイルをコンパイルしています src\main.cpp)
C:\of_v0.11.0_vs2017_release\addons\ofxDatGui\src\components\ofxDatGuiSlider.h(337,1): warning C4267: '=': 'size_t' から 'int' に変換しました。データが失われているかもしれません。 (ソース ファイルをコンパイルしています src\main.cpp)
C:\of_v0.11.0_vs2017_release\addons\ofxDatGui\src\components\ofxDatGuiScrollView.h(74,1): warning C4267: '引数': 'size_t' から 'int' に変換しました。データが失われているかもしれません。 (ソース ファイルをコンパイルしています src\ofApp.cpp)
C:\of_v0.11.0_vs2017_release\addons\ofxDatGui\src\components\ofxDatGuiScrollView.h(74,1): warning C4267: '引数': 'size_t' から 'int' に変換しました。データが失われているかもしれません。 (ソース ファイルをコンパイルしています src\main.cpp)
C:\of_v0.11.0_vs2017_release\addons\ofxDatGui\src\components\ofxDatGuiScrollView.h(182,1): warning C4267: 'return': 'size_t' から 'int' に変換しました。データが失われているかもしれません。 (ソース ファイルをコンパイルしています src\ofApp.cpp)
C:\of_v0.11.0_vs2017_release\addons\ofxDatGui\src\components\ofxDatGuiScrollView.h(182,1): warning C4267: 'return': 'size_t' から 'int' に変換しました。データが失われているかもしれません。 (ソース ファイルをコンパイルしています src\main.cpp)
C:\of_v0.11.0_vs2017_release\addons\ofxDatGui\src\components\ofxDatGuiGroups.h(397,1): warning C4267: '引数': 'size_t' から 'int' に変換しました。データが失われているかもしれません。 (ソース ファイルをコンパイルしています src\ofApp.cpp)
C:\of_v0.11.0_vs2017_release\addons\ofxDatGui\src\components\ofxDatGuiGroups.h(456,1): warning C4267: '引数': 'size_t' から 'int' に変換しました。データが失われているかもしれません。 (ソース ファイルをコンパイルしています src\ofApp.cpp)
C:\of_v0.11.0_vs2017_release\addons\ofxDatGui\src\components\ofxDatGuiGroups.h(492,1): warning C4267: 'return': 'size_t' から 'int' に変換しました。データが失われているかもしれません。 (ソース ファイルをコンパイルしています src\ofApp.cpp)
C:\of_v0.11.0_vs2017_release\addons\ofxDatGui\src\components\ofxDatGuiGroups.h(397,1): warning C4267: '引数': 'size_t' から 'int' に変換しました。データが失われているかもしれません。 (ソース ファイルをコンパイルしています src\main.cpp)
C:\of_v0.11.0_vs2017_release\addons\ofxDatGui\src\components\ofxDatGuiGroups.h(456,1): warning C4267: '引数': 'size_t' から 'int' に変換しました。データが失われているかもしれません。 (ソース ファイルをコンパイルしています src\main.cpp)
C:\of_v0.11.0_vs2017_release\addons\ofxDatGui\src\components\ofxDatGuiGroups.h(492,1): warning C4267: 'return': 'size_t' から 'int' に変換しました。データが失われているかもしれません。 (ソース ファイルをコンパイルしています src\main.cpp)
  ofxDatGuiComponent.cpp
C:\of_v0.11.0_vs2017_release\libs\openFrameworks\math\ofMatrix4x4.h(326,1): warning C4267: '引数': 'size_t' から 'int' に変換しました。データが失われているかもしれません。
C:\of_v0.11.0_vs2017_release\libs\openFrameworks\math\ofMatrix4x4.h(331,1): warning C4267: '引数': 'size_t' から 'int' に変換しました。データが失われているかもしれません。
C:\of_v0.11.0_vs2017_release\libs\openFrameworks\math\ofMatrix4x4.h(912,12): warning C4267: '引数': 'size_t' から 'int' に変換しました。データが失われているかもしれません。
C:\of_v0.11.0_vs2017_release\libs\openFrameworks\math\ofMatrix4x4.h(913,12): warning C4267: '引数': 'size_t' から 'int' に変換しました。データが失われているかもしれません。
C:\of_v0.11.0_vs2017_release\libs\openFrameworks\math\ofMatrix4x4.h(914,12): warning C4267: '引数': 'size_t' から 'int' に変換しました。データが失われているかもしれません。
C:\of_v0.11.0_vs2017_release\libs\openFrameworks\math\ofMatrix4x4.h(915,12): warning C4267: '引数': 'size_t' から 'int' に変換しました。データが失われているかもしれません。
  ofxSmartFont.cpp
C:\of_v0.11.0_vs2017_release\libs\openFrameworks\math\ofMatrix4x4.h(326,1): warning C4267: '引数': 'size_t' から 'int' に変換しました。データが失われているかもしれません。
C:\of_v0.11.0_vs2017_release\libs\openFrameworks\math\ofMatrix4x4.h(331,1): warning C4267: '引数': 'size_t' から 'int' に変換しました。データが失われているかもしれません。
C:\of_v0.11.0_vs2017_release\libs\openFrameworks\math\ofMatrix4x4.h(912,12): warning C4267: '引数': 'size_t' から 'int' に変換しました。データが失われているかもしれません。
C:\of_v0.11.0_vs2017_release\libs\openFrameworks\math\ofMatrix4x4.h(913,12): warning C4267: '引数': 'size_t' から 'int' に変換しました。データが失われているかもしれません。
C:\of_v0.11.0_vs2017_release\libs\openFrameworks\math\ofMatrix4x4.h(914,12): warning C4267: '引数': 'size_t' から 'int' に変換しました。データが失われているかもしれません。
C:\of_v0.11.0_vs2017_release\libs\openFrameworks\math\ofMatrix4x4.h(915,12): warning C4267: '引数': 'size_t' から 'int' に変換しました。データが失われているかもしれません。
  ofxDatGui.cpp
C:\of_v0.11.0_vs2017_release\libs\openFrameworks\math\ofMatrix4x4.h(326,1): warning C4267: '引数': 'size_t' から 'int' に変換しました。データが失われているかもしれません。
C:\of_v0.11.0_vs2017_release\libs\openFrameworks\math\ofMatrix4x4.h(331,1): warning C4267: '引数': 'size_t' から 'int' に変換しました。データが失われているかもしれません。
C:\of_v0.11.0_vs2017_release\libs\openFrameworks\math\ofMatrix4x4.h(912,12): warning C4267: '引数': 'size_t' から 'int' に変換しました。データが失われているかもしれません。
C:\of_v0.11.0_vs2017_release\libs\openFrameworks\math\ofMatrix4x4.h(913,12): warning C4267: '引数': 'size_t' から 'int' に変換しました。データが失われているかもしれません。
C:\of_v0.11.0_vs2017_release\libs\openFrameworks\math\ofMatrix4x4.h(914,12): warning C4267: '引数': 'size_t' から 'int' に変換しました。データが失われているかもしれません。
C:\of_v0.11.0_vs2017_release\libs\openFrameworks\math\ofMatrix4x4.h(915,12): warning C4267: '引数': 'size_t' から 'int' に変換しました。データが失われているかもしれません。
C:\of_v0.11.0_vs2017_release\addons\ofxDatGui\src\components\ofxDatGuiTextInputField.h(173,1): warning C4267: '引数': 'size_t' から 'int' に変換しました。データが失われているかもしれません。
C:\of_v0.11.0_vs2017_release\addons\ofxDatGui\src\components\ofxDatGuiSlider.h(334,1): warning C4267: '初期化中': 'size_t' から 'int' に変換しました。データが失われているかもしれません。
C:\of_v0.11.0_vs2017_release\addons\ofxDatGui\src\components\ofxDatGuiSlider.h(337,1): warning C4267: '=': 'size_t' から 'int' に変換しました。データが失われているかもしれません。
C:\of_v0.11.0_vs2017_release\addons\ofxDatGui\src\components\ofxDatGuiScrollView.h(74,1): warning C4267: '引数': 'size_t' から 'int' に変換しました。データが失われているかもしれません。
C:\of_v0.11.0_vs2017_release\addons\ofxDatGui\src\components\ofxDatGuiScrollView.h(182,1): warning C4267: 'return': 'size_t' から 'int' に変換しました。データが失われているかもしれません。
C:\of_v0.11.0_vs2017_release\addons\ofxDatGui\src\components\ofxDatGuiGroups.h(397,1): warning C4267: '引数': 'size_t' から 'int' に変換しました。データが失われているかもしれません。
C:\of_v0.11.0_vs2017_release\addons\ofxDatGui\src\components\ofxDatGuiGroups.h(456,1): warning C4267: '引数': 'size_t' から 'int' に変換しました。データが失われているかもしれません。
C:\of_v0.11.0_vs2017_release\addons\ofxDatGui\src\components\ofxDatGuiGroups.h(492,1): warning C4267: 'return': 'size_t' から 'int' に変換しました。データが失われているかもしれません。
C:\of_v0.11.0_vs2017_release\addons\ofxDatGui\src\ofxDatGui.cpp(71,35): warning C4267: '引数': 'size_t' から 'int' に変換しました。データが失われているかもしれません。
C:\of_v0.11.0_vs2017_release\addons\ofxDatGui\src\ofxDatGui.cpp(853,9): warning C4267: '初期化中': 'size_t' から 'int' に変換しました。データが失われているかもしれません。
     ライブラリ bin\MultiCam.lib とオブジェクト bin\MultiCam.exp を作成中
  LINK : /LTCG が指定されましたが、コードの生成は必要ありません。リンク コマンド ラインから /LTCG を削除し、リンカーの性能を改善してください。
  MultiCam.vcxproj -> C:\of_v0.11.0_vs2017_release\apps\myApps\MultiCam\bin\MultiCam.exe
  
  	                   2	C:\of_v0.11.0_vs2017_release\libs\fmodex\lib\vs\x64\
  	  *EXTRA File 		 1826304	C:\of_v0.11.0_vs2017_release\apps\myApps\MultiCam\bin\fmod.dll
  	  *EXTRA File 		 2041856	C:\of_v0.11.0_vs2017_release\apps\myApps\MultiCam\bin\fmodL.dll
  	  *EXTRA File 		  229376	C:\of_v0.11.0_vs2017_release\apps\myApps\MultiCam\bin\freeglut.dll
  	  *EXTRA File 		 6942208	C:\of_v0.11.0_vs2017_release\apps\myApps\MultiCam\bin\FreeImage.dll
  	  *EXTRA File 		  364032	C:\of_v0.11.0_vs2017_release\apps\myApps\MultiCam\bin\glew32.dll
  	  *EXTRA File 		   48640	C:\of_v0.11.0_vs2017_release\apps\myApps\MultiCam\bin\glfw3.dll
  
  	                   1	C:\of_v0.11.0_vs2017_release\libs\FreeImage\lib\vs\x64\
  	  *EXTRA File 		 1826304	C:\of_v0.11.0_vs2017_release\apps\myApps\MultiCam\bin\fmod.dll
  	  *EXTRA File 		 1503232	C:\of_v0.11.0_vs2017_release\apps\myApps\MultiCam\bin\fmodex64.dll
  	  *EXTRA File 		 1552384	C:\of_v0.11.0_vs2017_release\apps\myApps\MultiCam\bin\fmodexL64.dll
  	  *EXTRA File 		 2041856	C:\of_v0.11.0_vs2017_release\apps\myApps\MultiCam\bin\fmodL.dll
  	  *EXTRA File 		  229376	C:\of_v0.11.0_vs2017_release\apps\myApps\MultiCam\bin\freeglut.dll
  	  *EXTRA File 		  364032	C:\of_v0.11.0_vs2017_release\apps\myApps\MultiCam\bin\glew32.dll
  	  *EXTRA File 		   48640	C:\of_v0.11.0_vs2017_release\apps\myApps\MultiCam\bin\glfw3.dll
  	    Older     		 6942208	C:\of_v0.11.0_vs2017_release\libs\FreeImage\lib\vs\x64\FreeImage.dll
  
  	                   3	C:\of_v0.11.0_vs2017_release\libs\openFrameworksCompiled\lib\vs\x64\
  	  *EXTRA File 		 1826304	C:\of_v0.11.0_vs2017_release\apps\myApps\MultiCam\bin\fmod.dll
  	  *EXTRA File 		 1503232	C:\of_v0.11.0_vs2017_release\apps\myApps\MultiCam\bin\fmodex64.dll
  	  *EXTRA File 		 1552384	C:\of_v0.11.0_vs2017_release\apps\myApps\MultiCam\bin\fmodexL64.dll
  	  *EXTRA File 		 2041856	C:\of_v0.11.0_vs2017_release\apps\myApps\MultiCam\bin\fmodL.dll
  	  *EXTRA File 		 6942208	C:\of_v0.11.0_vs2017_release\apps\myApps\MultiCam\bin\FreeImage.dll
